<?xml version="1.0" encoding="UTF-8"?>
<!-- Generated by org.testng.reporters.JUnitXMLReporter -->
<testsuite ignored="8" hostname="Albi" failures="0" tests="8" name="Test" time="124.04" errors="0" timestamp="2025-07-06T22:42:59 IST">
  <testcase classname="tests.homeTest" name="logoVerification" time="0.065"/>
  <testcase classname="tests.homeTest" name="titleVerification" time="0.016"/>
  <testcase classname="tests.homeTest" name="urlVerification" time="0.014"/>
  <testcase classname="tests.homeTest" name="verifyPageScrollability" time="2.101"/>
  <testcase classname="tests.homeTest" name="websiteIsSecure" time="0.009"/>
  <testcase classname="tests.loginTest" name="testUserLogin" time="56.941"/>
  <testcase classname="tests.planCheckoutTest" name="testPlanSelectionToCheckout" time="48.69"/>
  <testcase classname="tests.logoutTest" name="testLogoutFunctionality" time="16.121"/>
  <testcase classname="tests.BaseTestSuite" name="@BeforeSuite globalSetup" time="0.0">
    <ignored/>
  </testcase> <!-- @BeforeSuite globalSetup -->
  <testcase classname="tests.BaseTestSuite" name="@BeforeSuite globalSetup" time="0.0">
    <ignored/>
  </testcase> <!-- @BeforeSuite globalSetup -->
  <testcase classname="tests.BaseTestSuite" name="@AfterSuite globalTearDown" time="0.0">
    <ignored/>
  </testcase> <!-- @AfterSuite globalTearDown -->
  <testcase classname="tests.BaseTestSuite" name="@AfterSuite globalTearDown" time="0.0">
    <ignored/>
  </testcase> <!-- @AfterSuite globalTearDown -->
  <testcase classname="tests.BaseTestSuite" name="@AfterSuite globalTearDown" time="0.0">
    <ignored/>
  </testcase> <!-- @AfterSuite globalTearDown -->
  <testcase classname="tests.BaseTestSuite" name="@BeforeSuite globalSetup" time="0.0">
    <ignored/>
  </testcase> <!-- @BeforeSuite globalSetup -->
  <testcase classname="tests.BaseTestSuite" name="@AfterSuite globalTearDown" time="0.0">
    <ignored/>
  </testcase> <!-- @AfterSuite globalTearDown -->
  <testcase classname="tests.BaseTestSuite" name="@BeforeSuite globalSetup" time="0.0">
    <ignored/>
  </testcase> <!-- @BeforeSuite globalSetup -->
</testsuite> <!-- Test -->
